[1.963s] Invoking command in '/home/rokey/1_ws/src/my_video_package': PYTHONPATH=/home/rokey/1_ws/src/build/my_video_package/prefix_override:/usr/lib/python3/dist-packages/colcon_core/task/python/colcon_distutils_commands:/home/rokey/1_ws/src/install/my_video_package/lib/python3.10/site-packages:${PYTHONPATH} /usr/bin/python3 -W ignore:setup.py install is deprecated setup.py egg_info --egg-base ../build/my_video_package build --build-base /home/rokey/1_ws/src/build/my_video_package/build install --record /home/rokey/1_ws/src/build/my_video_package/install.log --single-version-externally-managed install_data
[2.282s] Traceback (most recent call last):
[2.282s]   File "/usr/lib/python3.10/pathlib.py", line 625, in __str__
[2.291s]     return self._str
[2.293s] AttributeError: 'PosixPath' object has no attribute '_str'
[2.293s] 
[2.294s] During handling of the above exception, another exception occurred:
[2.294s] 
[2.295s] Traceback (most recent call last):
[2.295s]   File "/home/rokey/1_ws/src/my_video_package/setup.py", line 7, in <module>
[2.295s]     setup(
[2.295s]   File "/home/rokey/.local/lib/python3.10/site-packages/setuptools/__init__.py", line 117, in setup
[2.295s]     return distutils.core.setup(**attrs)
[2.295s]   File "/home/rokey/.local/lib/python3.10/site-packages/setuptools/_distutils/core.py", line 170, in setup
[2.296s]     ok = dist.parse_command_line()
[2.296s]   File "/home/rokey/.local/lib/python3.10/site-packages/setuptools/_distutils/dist.py", line 472, in parse_command_line
[2.296s]     args = self._parse_command_opts(parser, args)
[2.296s]   File "/home/rokey/.local/lib/python3.10/site-packages/setuptools/dist.py", line 901, in _parse_command_opts
[2.297s]     nargs = _Distribution._parse_command_opts(self, parser, args)
[2.297s]   File "/home/rokey/.local/lib/python3.10/site-packages/setuptools/_distutils/dist.py", line 531, in _parse_command_opts
[2.297s]     cmd_class = self.get_command_class(command)
[2.297s]   File "/home/rokey/.local/lib/python3.10/site-packages/setuptools/dist.py", line 742, in get_command_class
[2.298s]     eps = metadata.entry_points(group='distutils.commands', name=command)
[2.298s]   File "/usr/lib/python3.10/importlib/metadata/__init__.py", line 1021, in entry_points
[2.298s]     return SelectableGroups.load(eps).select(**params)
[2.298s]   File "/usr/lib/python3.10/importlib/metadata/__init__.py", line 459, in load
[2.298s]     ordered = sorted(eps, key=by_group)
[2.298s]   File "/usr/lib/python3.10/importlib/metadata/__init__.py", line 1019, in <genexpr>
[2.299s]     dist.entry_points for dist in unique(distributions())
[2.299s]   File "/usr/lib/python3.10/importlib/metadata/__init__.py", line 631, in entry_points
[2.300s]     return EntryPoints._from_text_for(self.read_text('entry_points.txt'), self)
[2.300s]   File "/usr/lib/python3.10/importlib/metadata/__init__.py", line 927, in read_text
[2.300s]     return self._path.joinpath(filename).read_text(encoding='utf-8')
[2.300s]   File "/usr/lib/python3.10/pathlib.py", line 1134, in read_text
[2.301s]     with self.open(mode='r', encoding=encoding, errors=errors) as f:
[2.301s]   File "/usr/lib/python3.10/pathlib.py", line 1119, in open
[2.301s]     return self._accessor.open(self, mode, buffering, encoding, errors,
[2.301s]   File "/usr/lib/python3.10/pathlib.py", line 632, in __fspath__
[2.301s]     return str(self)
[2.301s]   File "/usr/lib/python3.10/pathlib.py", line 625, in __str__
[2.301s]     return self._str
[2.302s] KeyboardInterrupt
[2.356s] Invoked command in '/home/rokey/1_ws/src/my_video_package' returned '-2': PYTHONPATH=/home/rokey/1_ws/src/build/my_video_package/prefix_override:/usr/lib/python3/dist-packages/colcon_core/task/python/colcon_distutils_commands:/home/rokey/1_ws/src/install/my_video_package/lib/python3.10/site-packages:${PYTHONPATH} /usr/bin/python3 -W ignore:setup.py install is deprecated setup.py egg_info --egg-base ../build/my_video_package build --build-base /home/rokey/1_ws/src/build/my_video_package/build install --record /home/rokey/1_ws/src/build/my_video_package/install.log --single-version-externally-managed install_data
